SF:lib/core/locators/locator.dart
DA:5,3
DA:8,1
DA:10,1
DA:11,1
LF:4
LH:4
end_of_record
SF:lib/data/interactors/article_interactor.dart
DA:9,2
DA:11,1
DA:13,2
DA:14,2
DA:15,5
LF:5
LH:5
end_of_record
SF:lib/data/modules/api/api_service.dart
DA:12,2
DA:13,6
DA:15,2
DA:16,2
DA:22,1
DA:26,2
DA:30,1
DA:31,1
DA:32,2
LF:9
LH:9
end_of_record
SF:lib/core/locators/locator_interactors.dart
DA:6,1
DA:7,2
DA:8,4
LF:3
LH:3
end_of_record
SF:lib/core/locators/locator_modules.dart
DA:4,1
DA:5,2
DA:6,1
LF:3
LH:3
end_of_record
SF:lib/domain/models/article.dart
DA:13,1
DA:23,1
DA:24,1
DA:25,1
DA:26,1
DA:27,2
DA:28,5
DA:29,1
DA:30,1
DA:31,3
LF:10
LH:10
end_of_record
SF:lib/domain/failures/api_error.dart
DA:4,1
LF:1
LH:1
end_of_record
